[Mon, 22 Feb 2021 13:22:21 GMT] - <read_conf_file:328> _SC_OPEN_MAX=1542
  uid=1000; gid=1000

[Mon, 22 Feb 2021 13:22:47 GMT]-[2/1/4] <queue2:117> Timeout = 11
[Mon, 22 Feb 2021 13:22:47 GMT]-[3/1/2] <queue2:117> Timeout = 11
[Mon, 22 Feb 2021 13:25:57 GMT]-[0/1/16] <queue2:117> Timeout = 11
[Mon, 22 Feb 2021 13:29:01 GMT]-[1/2/154] <queue2:117> Timeout = 11
[Mon, 22 Feb 2021 13:30:46 GMT]-[2/2/22] <queue2:117> Timeout = 11
[Mon, 22 Feb 2021 13:31:43 GMT]-[3/2/3] <queue2:117> Timeout = 11
[Mon, 22 Feb 2021 13:32:23 GMT]-[0/2/28] <queue2:117> Timeout = 11
[Mon, 22 Feb 2021 13:33:28 GMT]-[1/3/90] <queue2:117> Timeout = 11
[Mon, 22 Feb 2021 13:35:12 GMT]-[2/3/2] <queue2:117> Timeout = 11
[Mon, 22 Feb 2021 13:39:20 GMT]-[3/3/2] <queue2:117> Timeout = 11
[Mon, 22 Feb 2021 13:39:59 GMT]-[0/3/2] <queue2:117> Timeout = 11
[Mon, 22 Feb 2021 13:40:50 GMT]-[1/4/2] <queue2:117> Timeout = 11
[Mon, 22 Feb 2021 13:42:32 GMT]-[2/4/2] <queue2:117> Timeout = 11
[Mon, 22 Feb 2021 13:43:19 GMT]-[3/4/2] <queue2:117> Timeout = 11
[Mon, 22 Feb 2021 13:43:54 GMT]-[0/4/2] <queue2:117> Timeout = 11
[Mon, 22 Feb 2021 13:45:01 GMT]-[1/5/2] <queue2:117> Timeout = 11
[Mon, 22 Feb 2021 13:45:49 GMT]-[2/5/2] <queue2:117> Timeout = 11
[Mon, 22 Feb 2021 13:47:54 GMT]-[3/5/2] <queue2:117> Timeout = 11
[Mon, 22 Feb 2021 13:48:30 GMT]-[0/5/2] <queue2:117> Timeout = 11
[Mon, 22 Feb 2021 13:49:14 GMT]-[1/6/2] <queue2:117> Timeout = 11
[Mon, 22 Feb 2021 13:49:32 GMT]-[2/6/2] <queue2:117> Timeout = 11
[Mon, 22 Feb 2021 13:50:04 GMT]-[3/6/2] <queue2:117> Timeout = 11
[Mon, 22 Feb 2021 13:50:24 GMT]-[0/6/2] <queue2:117> Timeout = 11
[Mon, 22 Feb 2021 13:51:10 GMT]-[1/7/2] <queue2:117> Timeout = 11
[Mon, 22 Feb 2021 13:52:01 GMT]-[2/7/2] <queue2:117> Timeout = 11
[Mon, 22 Feb 2021 13:52:17 GMT]-[3/7/2] <queue2:117> Timeout = 11
[Mon, 22 Feb 2021 13:52:50 GMT]-[0/7/2] <queue2:117> Timeout = 11
[Mon, 22 Feb 2021 13:53:11 GMT]-[1/8/2] <queue2:117> Timeout = 11
[Mon, 22 Feb 2021 13:58:50 GMT]-[2/8/2] <queue2:117> Timeout = 11
[Mon, 22 Feb 2021 13:59:29 GMT]-[3/8/29] <queue2:117> Timeout = 11
[Mon, 22 Feb 2021 14:02:23 GMT]-[0/8/5] <queue2:117> Timeout = 11
[Mon, 22 Feb 2021 14:03:05 GMT]-[1/9/23] <queue2:117> Timeout = 11
[Mon, 22 Feb 2021 14:03:48 GMT]-[2/9/3] <queue2:117> Timeout = 11
Global symbol "$data" requires explicit package name (did you forget to declare "my $data"?) at /mnt/sda10/data_1t/0_proj/Server/NEW_GIT/server_nomad_lx/www/cgi/perl/env.pl line 36.
Execution of /mnt/sda10/data_1t/0_proj/Server/NEW_GIT/server_nomad_lx/www/cgi/perl/env.pl aborted due to compilation errors.
[Mon, 22 Feb 2021 14:06:16 GMT]-[3/9/0] <cgi_read_headers:205> read_from_script()=0, read_len=256
[Mon, 22 Feb 2021 14:06:16 GMT]-[3/9/0] <cgi_read_headers:276> Error: Blank line not found
 ReadFromScript=0
[Mon, 22 Feb 2021 14:07:48 GMT]-[0/9/25] <queue2:117> Timeout = 11
[Mon, 22 Feb 2021 14:08:39 GMT]-[1/10/16] <queue2:117> Timeout = 11
[Mon, 22 Feb 2021 14:09:19 GMT]-[2/10/11] <queue2:117> Timeout = 11
[Mon, 22 Feb 2021 14:14:35 GMT]-[3/10/15] <queue2:117> Timeout = 11
[Mon, 22 Feb 2021 14:17:05 GMT]-[0/10/1] <queue2:117> Timeout = 11
[Mon, 22 Feb 2021 14:17:48 GMT]-[1/11/1] <queue2:117> Timeout = 11
[Mon, 22 Feb 2021 14:18:52 GMT]-[2/11/18] <queue2:117> Timeout = 11
[Mon, 22 Feb 2021 14:19:21 GMT]-[3/11/21] <queue2:117> Timeout = 11
Useless use of \E at /mnt/sda10/data_1t/0_proj/Server/NEW_GIT/server_nomad_lx/www/cgi/perl/env.pl line 42.
[Mon, 22 Feb 2021 14:19:43 GMT]-[0/11/1] <queue2:117> Timeout = 11
[Mon, 22 Feb 2021 14:20:13 GMT]-[1/12/48] <queue2:117> Timeout = 11
[Mon, 22 Feb 2021 14:20:43 GMT]-[2/12/2] <queue2:117> Timeout = 11
[Mon, 22 Feb 2021 14:21:37 GMT]-[3/12/32] <queue2:117> Timeout = 11
[Mon, 22 Feb 2021 14:22:30 GMT]-[0/12/17] <queue2:117> Timeout = 11
[Mon, 22 Feb 2021 14:23:16 GMT]-[1/13/20] <queue2:117> Timeout = 11
[Mon, 22 Feb 2021 14:23:57 GMT]-[2/13/22] <queue2:117> Timeout = 11
[Mon, 22 Feb 2021 14:24:49 GMT]-[3/13/16] <queue2:117> Timeout = 11
[Mon, 22 Feb 2021 14:26:14 GMT]-[0/13/6] <queue2:117> Timeout = 11
[Mon, 22 Feb 2021 14:26:43 GMT]-[1/14/38] <queue2:117> Timeout = 11
[Mon, 22 Feb 2021 14:27:09 GMT]-[2/14/5] <queue2:117> Timeout = 11
[Mon, 22 Feb 2021 14:27:52 GMT]-[3/14/28] <queue2:117> Timeout = 11
[Mon, 22 Feb 2021 14:31:46 GMT]-[0/14/11] <queue2:117> Timeout = 11
[Mon, 22 Feb 2021 14:32:30 GMT]-[1/15/17] <queue2:117> Timeout = 11
[Mon, 22 Feb 2021 14:33:29 GMT]-[2/15/3] <queue2:117> Timeout = 11
[Mon, 22 Feb 2021 14:33:59 GMT]-[3/15/9] <queue2:117> Timeout = 11
[Mon, 22 Feb 2021 14:34:28 GMT]-[0/15/6] <queue2:117> Timeout = 11
[Mon, 22 Feb 2021 14:36:16 GMT]-[1/16/2] <queue2:117> Timeout = 11
[Mon, 22 Feb 2021 14:37:23 GMT]-[2/16/2] <queue2:117> Timeout = 11
[Mon, 22 Feb 2021 14:38:01 GMT]-[3/16/5] <queue2:117> Timeout = 11
<upload_file.c send_response():200> Зачетная книжка.html
  Mon, 22 Feb 2021 14:38:51 GMT
  status=0
[Mon, 22 Feb 2021 14:39:03 GMT]-[0/16/12] <queue2:117> Timeout = 11
[Mon, 22 Feb 2021 14:40:12 GMT]-[2/17/9] <queue2:117> Timeout = 11
